<?xml version="1.0" encoding="UTF-8" ?>
<testsuite failures="0" time="0.054" errors="0" skipped="0" tests="10" name="com.github.thomasahle.trainbox.trainbox.model.ComponentTest">
  <properties>
    <property name="java.runtime.name" value="OpenJDK Runtime Environment"/>
    <property name="sun.boot.library.path" value="/usr/lib/jvm/java-6-openjdk/jre/lib/amd64"/>
    <property name="java.vm.version" value="20.0-b11"/>
    <property name="java.vm.vendor" value="Sun Microsystems Inc."/>
    <property name="java.vendor.url" value="http://java.sun.com/"/>
    <property name="path.separator" value=":"/>
    <property name="java.vm.name" value="OpenJDK 64-Bit Server VM"/>
    <property name="file.encoding.pkg" value="sun.io"/>
    <property name="user.country" value="GB"/>
    <property name="sun.java.launcher" value="SUN_STANDARD"/>
    <property name="sun.os.patch.level" value="unknown"/>
    <property name="java.vm.specification.name" value="Java Virtual Machine Specification"/>
    <property name="user.dir" value="/home/lena/Documents/CS_Projects/TrinityProject/core"/>
    <property name="java.runtime.version" value="1.6.0_23-b23"/>
    <property name="java.awt.graphicsenv" value="sun.awt.X11GraphicsEnvironment"/>
    <property name="basedir" value="/home/lena/Documents/CS_Projects/TrinityProject/core"/>
    <property name="java.endorsed.dirs" value="/usr/lib/jvm/java-6-openjdk/jre/lib/endorsed"/>
    <property name="os.arch" value="amd64"/>
    <property name="surefire.real.class.path" value="/home/lena/Documents/CS_Projects/TrinityProject/core/target/surefire/surefirebooter8725314759423098556.jar"/>
    <property name="java.io.tmpdir" value="/tmp"/>
    <property name="line.separator" value="
"/>
    <property name="java.vm.specification.vendor" value="Sun Microsystems Inc."/>
    <property name="os.name" value="Linux"/>
    <property name="sun.jnu.encoding" value="UTF-8"/>
    <property name="java.library.path" value="/usr/lib/jvm/java-6-openjdk/jre/lib/amd64/server:/usr/lib/jvm/java-6-openjdk/jre/lib/amd64:/usr/lib/jvm/java-6-openjdk/jre/../lib/amd64:/usr/java/packages/lib/amd64:/usr/lib/jni:/lib:/usr/lib"/>
    <property name="surefire.test.class.path" value="/home/lena/Documents/CS_Projects/TrinityProject/core/target/test-classes:/home/lena/Documents/CS_Projects/TrinityProject/core/target/classes:/home/lena/.m2/repository/com/googlecode/playn/playn-core/1.2/playn-core-1.2.jar:/home/lena/.m2/repository/com/samskivert/pythagoras/1.1/pythagoras-1.1.jar:/home/lena/.m2/repository/junit/junit/4.8.1/junit-4.8.1.jar:/usr/lib/jvm/java-6-openjdk/jre/../lib/tools.jar:"/>
    <property name="java.specification.name" value="Java Platform API Specification"/>
    <property name="java.class.version" value="50.0"/>
    <property name="sun.management.compiler" value="HotSpot 64-Bit Tiered Compilers"/>
    <property name="os.version" value="3.0.0-17-generic"/>
    <property name="user.home" value="/home/lena"/>
    <property name="user.timezone" value=""/>
    <property name="java.awt.printerjob" value="sun.print.PSPrinterJob"/>
    <property name="file.encoding" value="UTF-8"/>
    <property name="java.specification.version" value="1.6"/>
    <property name="user.name" value="lena"/>
    <property name="java.class.path" value="/home/lena/Documents/CS_Projects/TrinityProject/core/target/test-classes:/home/lena/Documents/CS_Projects/TrinityProject/core/target/classes:/home/lena/.m2/repository/com/googlecode/playn/playn-core/1.2/playn-core-1.2.jar:/home/lena/.m2/repository/com/samskivert/pythagoras/1.1/pythagoras-1.1.jar:/home/lena/.m2/repository/junit/junit/4.8.1/junit-4.8.1.jar:/usr/lib/jvm/java-6-openjdk/jre/../lib/tools.jar:"/>
    <property name="java.vm.specification.version" value="1.0"/>
    <property name="sun.arch.data.model" value="64"/>
    <property name="java.home" value="/usr/lib/jvm/java-6-openjdk/jre"/>
    <property name="sun.java.command" value="/home/lena/Documents/CS_Projects/TrinityProject/core/target/surefire/surefirebooter8725314759423098556.jar /home/lena/Documents/CS_Projects/TrinityProject/core/target/surefire/surefire3947722110990875491tmp /home/lena/Documents/CS_Projects/TrinityProject/core/target/surefire/surefire3665504659942262986tmp"/>
    <property name="java.specification.vendor" value="Sun Microsystems Inc."/>
    <property name="user.language" value="en"/>
    <property name="java.vm.info" value="mixed mode"/>
    <property name="java.version" value="1.6.0_23"/>
    <property name="java.ext.dirs" value="/usr/lib/jvm/java-6-openjdk/jre/lib/ext:/usr/java/packages/lib/ext"/>
    <property name="sun.boot.class.path" value="/usr/lib/jvm/java-6-openjdk/jre/lib/resources.jar:/usr/lib/jvm/java-6-openjdk/jre/lib/rt.jar:/usr/lib/jvm/java-6-openjdk/jre/lib/sunrsasign.jar:/usr/lib/jvm/java-6-openjdk/jre/lib/jsse.jar:/usr/lib/jvm/java-6-openjdk/jre/lib/jce.jar:/usr/lib/jvm/java-6-openjdk/jre/lib/charsets.jar:/usr/lib/jvm/java-6-openjdk/jre/lib/netx.jar:/usr/lib/jvm/java-6-openjdk/jre/lib/plugin.jar:/usr/lib/jvm/java-6-openjdk/jre/lib/rhino.jar:/usr/lib/jvm/java-6-openjdk/jre/lib/modules/jdk.boot.jar:/usr/lib/jvm/java-6-openjdk/jre/classes"/>
    <property name="java.vendor" value="Sun Microsystems Inc."/>
    <property name="localRepository" value="/home/lena/.m2/repository"/>
    <property name="file.separator" value="/"/>
    <property name="java.vendor.url.bug" value="http://java.sun.com/cgi-bin/bugreport.cgi"/>
    <property name="sun.cpu.endian" value="little"/>
    <property name="sun.io.unicode.encoding" value="UnicodeLittle"/>
    <property name="sun.desktop" value="gnome"/>
    <property name="sun.cpu.isalist" value=""/>
  </properties>
  <testcase time="0.002" classname="com.github.thomasahle.trainbox.trainbox.model.ComponentTest" name="testSimple"/>
  <testcase time="0.003" classname="com.github.thomasahle.trainbox.trainbox.model.ComponentTest" name="testStart"/>
  <testcase time="0.002" classname="com.github.thomasahle.trainbox.trainbox.model.ComponentTest" name="testFlip"/>
  <testcase time="0" classname="com.github.thomasahle.trainbox.trainbox.model.ComponentTest" name="testBox"/>
  <testcase time="0" classname="com.github.thomasahle.trainbox.trainbox.model.ComponentTest" name="testConcat"/>
  <testcase time="0" classname="com.github.thomasahle.trainbox.trainbox.model.ComponentTest" name="testReverse"/>
  <testcase time="0.001" classname="com.github.thomasahle.trainbox.trainbox.model.ComponentTest" name="testMattStyleReverse"/>
  <testcase time="0.001" classname="com.github.thomasahle.trainbox.trainbox.model.ComponentTest" name="testTranspose1"/>
  <testcase time="0" classname="com.github.thomasahle.trainbox.trainbox.model.ComponentTest" name="testTranspose2"/>
  <testcase time="0" classname="com.github.thomasahle.trainbox.trainbox.model.ComponentTest" name="testTransposeBig"/>
</testsuite>